<?xml version="1.0" encoding="UTF-8"?>
<beans:beans xmlns="http://www.springframework.org/schema/mvc"
       xmlns:xsi="http://www.w3.org/2001/XMLSchema-instance"
       xmlns:beans="http://www.springframework.org/schema/beans"
       xsi:schemaLocation="
      http://www.springframework.org/schema/beans
      http://www.springframework.org/schema/beans/spring-beans.xsd">

	<!-- Import all files called config.xml from all class paths -->
	<beans:import resource="classpath*:spring-config/config.xml" />
	<beans:import resource="classpath*:spring-config/db-config.xml" />
</beans:beans>
